  [1m[36m (28.9ms)[0m  [1mCREATE TABLE "schema_migrations" ("version" varchar(255) NOT NULL) [0m
  [1m[35m (0.3ms)[0m  select sqlite_version(*)
  [1m[36m (17.0ms)[0m  [1mCREATE UNIQUE INDEX "unique_schema_migrations" ON "schema_migrations" ("version")[0m
  [1m[35mActiveRecord::SchemaMigration Load (0.3ms)[0m  SELECT "schema_migrations".* FROM "schema_migrations"
Migrating to CreateUsers (20150423125327)
  [1m[36m (0.2ms)[0m  [1mbegin transaction[0m
  [1m[35m (1.3ms)[0m  CREATE TABLE "users" ("id" INTEGER PRIMARY KEY AUTOINCREMENT NOT NULL, "name" varchar(255), "password" varchar(255), "created_at" datetime, "updated_at" datetime) 
  [1m[36mSQL (0.5ms)[0m  [1mINSERT INTO "schema_migrations" ("version") VALUES (?)[0m  [["version", "20150423125327"]]
  [1m[35m (24.3ms)[0m  commit transaction
Migrating to CreateMessages (20150423130248)
  [1m[36m (0.2ms)[0m  [1mbegin transaction[0m
  [1m[35m (4.9ms)[0m  CREATE TABLE "messages" ("id" INTEGER PRIMARY KEY AUTOINCREMENT NOT NULL, "user_id" integer, "dateTime" datetime, "msg_head" varchar(255), "msg_body" text, "checksum" text, "read" boolean, "created_at" datetime, "updated_at" datetime) 
  [1m[36m (0.4ms)[0m  [1mCREATE  INDEX "index_messages_on_user_id" ON "messages" ("user_id")[0m
  [1m[35mSQL (0.3ms)[0m  INSERT INTO "schema_migrations" ("version") VALUES (?)  [["version", "20150423130248"]]
  [1m[36m (24.5ms)[0m  [1mcommit transaction[0m
  [1m[35mActiveRecord::SchemaMigration Load (0.6ms)[0m  SELECT "schema_migrations".* FROM "schema_migrations"
  [1m[36m (0.4ms)[0m  [1m            SELECT sql
            FROM sqlite_master
            WHERE name='index_messages_on_user_id' AND type='index'
            UNION ALL
            SELECT sql
            FROM sqlite_temp_master
            WHERE name='index_messages_on_user_id' AND type='index'
[0m


Started GET "/" for 127.0.0.1 at 2015-04-23 15:04:41 +0200
  [1m[36mActiveRecord::SchemaMigration Load (16.8ms)[0m  [1mSELECT "schema_migrations".* FROM "schema_migrations"[0m
Processing by Rails::WelcomeController#index as HTML
  Rendered /home/we2/.rbenv/versions/2.1.2/lib/ruby/gems/2.1.0/gems/railties-4.1.8/lib/rails/templates/rails/welcome/index.html.erb (13.9ms)
Completed 200 OK in 183ms (Views: 105.6ms | ActiveRecord: 0.0ms)


Started GET "/user" for 127.0.0.1 at 2015-04-23 15:04:57 +0200

ActionController::RoutingError (No route matches [GET] "/user"):
  actionpack (4.1.8) lib/action_dispatch/middleware/debug_exceptions.rb:21:in `call'
  actionpack (4.1.8) lib/action_dispatch/middleware/show_exceptions.rb:30:in `call'
  railties (4.1.8) lib/rails/rack/logger.rb:38:in `call_app'
  railties (4.1.8) lib/rails/rack/logger.rb:20:in `block in call'
  activesupport (4.1.8) lib/active_support/tagged_logging.rb:68:in `block in tagged'
  activesupport (4.1.8) lib/active_support/tagged_logging.rb:26:in `tagged'
  activesupport (4.1.8) lib/active_support/tagged_logging.rb:68:in `tagged'
  railties (4.1.8) lib/rails/rack/logger.rb:20:in `call'
  actionpack (4.1.8) lib/action_dispatch/middleware/request_id.rb:21:in `call'
  rack (1.5.2) lib/rack/methodoverride.rb:21:in `call'
  rack (1.5.2) lib/rack/runtime.rb:17:in `call'
  activesupport (4.1.8) lib/active_support/cache/strategy/local_cache_middleware.rb:26:in `call'
  rack (1.5.2) lib/rack/lock.rb:17:in `call'
  actionpack (4.1.8) lib/action_dispatch/middleware/static.rb:84:in `call'
  rack (1.5.2) lib/rack/sendfile.rb:112:in `call'
  railties (4.1.8) lib/rails/engine.rb:514:in `call'
  railties (4.1.8) lib/rails/application.rb:144:in `call'
  rack (1.5.2) lib/rack/lock.rb:17:in `call'
  rack (1.5.2) lib/rack/content_length.rb:14:in `call'
  rack (1.5.2) lib/rack/handler/webrick.rb:60:in `service'
  /home/we2/.rbenv/versions/2.1.2/lib/ruby/2.1.0/webrick/httpserver.rb:138:in `service'
  /home/we2/.rbenv/versions/2.1.2/lib/ruby/2.1.0/webrick/httpserver.rb:94:in `run'
  /home/we2/.rbenv/versions/2.1.2/lib/ruby/2.1.0/webrick/server.rb:295:in `block in start_thread'


  Rendered /home/we2/.rbenv/versions/2.1.2/lib/ruby/gems/2.1.0/gems/actionpack-4.1.8/lib/action_dispatch/middleware/templates/rescues/_trace.html.erb (13.4ms)
  Rendered /home/we2/.rbenv/versions/2.1.2/lib/ruby/gems/2.1.0/gems/actionpack-4.1.8/lib/action_dispatch/middleware/templates/routes/_route.html.erb (19.0ms)
  Rendered /home/we2/.rbenv/versions/2.1.2/lib/ruby/gems/2.1.0/gems/actionpack-4.1.8/lib/action_dispatch/middleware/templates/routes/_table.html.erb (68.4ms)
  Rendered /home/we2/.rbenv/versions/2.1.2/lib/ruby/gems/2.1.0/gems/actionpack-4.1.8/lib/action_dispatch/middleware/templates/rescues/routing_error.html.erb within rescues/layout (298.5ms)


Started GET "/users/sign_up" for 127.0.0.1 at 2015-04-23 15:05:10 +0200
Processing by UsersController#show as HTML
  Parameters: {"id"=>"sign_up"}
  [1m[35mUser Load (6.5ms)[0m  SELECT  "users".* FROM "users"  WHERE "users"."id" = ? LIMIT 1  [["id", 0]]
Completed 404 Not Found in 35ms

ActiveRecord::RecordNotFound (Couldn't find User with 'id'=sign_up):
  app/controllers/users_controller.rb:67:in `set_user'


  Rendered /home/we2/.rbenv/versions/2.1.2/lib/ruby/gems/2.1.0/gems/actionpack-4.1.8/lib/action_dispatch/middleware/templates/rescues/_source.erb (1.7ms)
  Rendered /home/we2/.rbenv/versions/2.1.2/lib/ruby/gems/2.1.0/gems/actionpack-4.1.8/lib/action_dispatch/middleware/templates/rescues/_trace.html.erb (13.3ms)
  Rendered /home/we2/.rbenv/versions/2.1.2/lib/ruby/gems/2.1.0/gems/actionpack-4.1.8/lib/action_dispatch/middleware/templates/rescues/_request_and_response.html.erb (3.4ms)
  Rendered /home/we2/.rbenv/versions/2.1.2/lib/ruby/gems/2.1.0/gems/actionpack-4.1.8/lib/action_dispatch/middleware/templates/rescues/diagnostics.erb within rescues/layout (116.2ms)


Started GET "/users/" for 127.0.0.1 at 2015-04-23 15:05:19 +0200
Processing by UsersController#index as HTML
  [1m[36mUser Load (0.4ms)[0m  [1mSELECT "users".* FROM "users"[0m
  Rendered users/index.html.erb within layouts/application (6.6ms)
Completed 200 OK in 7013ms (Views: 7010.9ms | ActiveRecord: 0.4ms)


Started GET "/assets/messages.css?body=1" for 127.0.0.1 at 2015-04-23 15:05:27 +0200


Started GET "/assets/users.css?body=1" for 127.0.0.1 at 2015-04-23 15:05:27 +0200


Started GET "/assets/scaffolds.css?body=1" for 127.0.0.1 at 2015-04-23 15:05:27 +0200


Started GET "/assets/application.css?body=1" for 127.0.0.1 at 2015-04-23 15:05:27 +0200


Started GET "/assets/messages.js?body=1" for 127.0.0.1 at 2015-04-23 15:05:27 +0200


Started GET "/assets/jquery.js?body=1" for 127.0.0.1 at 2015-04-23 15:05:27 +0200


Started GET "/assets/users.js?body=1" for 127.0.0.1 at 2015-04-23 15:05:27 +0200


Started GET "/assets/jquery_ujs.js?body=1" for 127.0.0.1 at 2015-04-23 15:05:27 +0200


Started GET "/assets/turbolinks.js?body=1" for 127.0.0.1 at 2015-04-23 15:05:27 +0200


Started GET "/assets/application.js?body=1" for 127.0.0.1 at 2015-04-23 15:05:27 +0200
  [1m[36mActiveRecord::SchemaMigration Load (0.7ms)[0m  [1mSELECT "schema_migrations".* FROM "schema_migrations"[0m
  [1m[35mActiveRecord::SchemaMigration Load (1.2ms)[0m  SELECT "schema_migrations".* FROM "schema_migrations"
  [1m[36m (0.7ms)[0m  [1m            SELECT sql
            FROM sqlite_master
            WHERE name='index_messages_on_user_id' AND type='index'
            UNION ALL
            SELECT sql
            FROM sqlite_temp_master
            WHERE name='index_messages_on_user_id' AND type='index'
[0m


Started GET "/users/" for 127.0.0.1 at 2015-04-23 15:17:03 +0200
  [1m[36mActiveRecord::SchemaMigration Load (7.6ms)[0m  [1mSELECT "schema_migrations".* FROM "schema_migrations"[0m
Processing by UsersController#index as HTML
  [1m[35mUser Load (2.0ms)[0m  SELECT "users".* FROM "users"
  Rendered users/index.html.erb within layouts/application (33.0ms)
Completed 200 OK in 1461ms (Views: 1146.2ms | ActiveRecord: 2.0ms)


Started GET "/assets/messages.css?body=1" for 127.0.0.1 at 2015-04-23 15:17:06 +0200


Started GET "/assets/scaffolds.css?body=1" for 127.0.0.1 at 2015-04-23 15:17:07 +0200


Started GET "/assets/users.css?body=1" for 127.0.0.1 at 2015-04-23 15:17:07 +0200


Started GET "/assets/jquery.js?body=1" for 127.0.0.1 at 2015-04-23 15:17:07 +0200


Started GET "/assets/jquery_ujs.js?body=1" for 127.0.0.1 at 2015-04-23 15:17:07 +0200


Started GET "/assets/turbolinks.js?body=1" for 127.0.0.1 at 2015-04-23 15:17:07 +0200


Started GET "/assets/messages.js?body=1" for 127.0.0.1 at 2015-04-23 15:17:07 +0200


Started GET "/assets/users.js?body=1" for 127.0.0.1 at 2015-04-23 15:17:07 +0200


Started GET "/users/new" for 127.0.0.1 at 2015-04-23 15:17:19 +0200
Processing by UsersController#new as HTML
  Rendered users/_form.html.erb (147.7ms)
  Rendered users/new.html.erb within layouts/application (170.1ms)
Completed 200 OK in 388ms (Views: 367.3ms | ActiveRecord: 3.3ms)


Started POST "/users" for 127.0.0.1 at 2015-04-23 15:17:36 +0200
Processing by UsersController#create as HTML
  Parameters: {"utf8"=>"✓", "authenticity_token"=>"/LrSbhjKTxMbo4Zyueh0zd1rz4+C6JWn2ebY4J3UIv0=", "user"=>{"name"=>"Name", "password"=>"[FILTERED]"}, "commit"=>"Create User"}
  [1m[36m (0.3ms)[0m  [1mbegin transaction[0m
  [1m[35mSQL (4.3ms)[0m  INSERT INTO "users" ("created_at", "name", "password", "updated_at") VALUES (?, ?, ?, ?)  [["created_at", "2015-04-23 13:17:36.683534"], ["name", "Name"], ["password", "123456789"], ["updated_at", "2015-04-23 13:17:36.683534"]]
  [1m[36m (22.3ms)[0m  [1mcommit transaction[0m
Redirected to http://localhost:3000/users/1
Completed 302 Found in 147ms (ActiveRecord: 26.9ms)


Started GET "/users/1" for 127.0.0.1 at 2015-04-23 15:17:36 +0200
Processing by UsersController#show as HTML
  Parameters: {"id"=>"1"}
  [1m[35mUser Load (4.2ms)[0m  SELECT  "users".* FROM "users"  WHERE "users"."id" = ? LIMIT 1  [["id", 1]]
  Rendered users/show.html.erb within layouts/application (4.5ms)
Completed 200 OK in 737ms (Views: 705.2ms | ActiveRecord: 4.2ms)


Started GET "/assets/messages.css?body=1" for 127.0.0.1 at 2015-04-23 15:17:37 +0200


Started GET "/assets/scaffolds.css?body=1" for 127.0.0.1 at 2015-04-23 15:17:37 +0200


Started GET "/assets/users.css?body=1" for 127.0.0.1 at 2015-04-23 15:17:38 +0200


Started GET "/assets/jquery.js?body=1" for 127.0.0.1 at 2015-04-23 15:17:38 +0200


Started GET "/assets/jquery_ujs.js?body=1" for 127.0.0.1 at 2015-04-23 15:17:38 +0200


Started GET "/assets/users.js?body=1" for 127.0.0.1 at 2015-04-23 15:17:38 +0200


Started GET "/assets/turbolinks.js?body=1" for 127.0.0.1 at 2015-04-23 15:17:38 +0200


Started GET "/assets/messages.js?body=1" for 127.0.0.1 at 2015-04-23 15:17:38 +0200


Started GET "/messages" for 127.0.0.1 at 2015-04-23 15:17:47 +0200
Processing by MessagesController#index as HTML
  [1m[36mMessage Load (2.5ms)[0m  [1mSELECT "messages".* FROM "messages"[0m
  Rendered messages/index.html.erb within layouts/application (33.2ms)
Completed 200 OK in 795ms (Views: 737.5ms | ActiveRecord: 2.5ms)


Started GET "/assets/messages.css?body=1" for 127.0.0.1 at 2015-04-23 15:17:48 +0200


Started GET "/assets/scaffolds.css?body=1" for 127.0.0.1 at 2015-04-23 15:17:48 +0200


Started GET "/assets/users.css?body=1" for 127.0.0.1 at 2015-04-23 15:17:48 +0200


Started GET "/assets/jquery.js?body=1" for 127.0.0.1 at 2015-04-23 15:17:48 +0200


Started GET "/assets/users.js?body=1" for 127.0.0.1 at 2015-04-23 15:17:49 +0200


Started GET "/assets/jquery_ujs.js?body=1" for 127.0.0.1 at 2015-04-23 15:17:49 +0200


Started GET "/assets/turbolinks.js?body=1" for 127.0.0.1 at 2015-04-23 15:17:49 +0200


Started GET "/assets/messages.js?body=1" for 127.0.0.1 at 2015-04-23 15:17:49 +0200


Started GET "/messages/new" for 127.0.0.1 at 2015-04-23 15:17:55 +0200
Processing by MessagesController#new as HTML
  Rendered messages/_form.html.erb (68.6ms)
  Rendered messages/new.html.erb within layouts/application (79.6ms)
Completed 200 OK in 316ms (Views: 301.0ms | ActiveRecord: 3.2ms)


Started POST "/messages" for 127.0.0.1 at 2015-04-23 15:18:36 +0200
Processing by MessagesController#create as HTML
  Parameters: {"utf8"=>"✓", "authenticity_token"=>"/LrSbhjKTxMbo4Zyueh0zd1rz4+C6JWn2ebY4J3UIv0=", "message"=>{"user_id"=>"1", "dateTime(1i)"=>"2015", "dateTime(2i)"=>"4", "dateTime(3i)"=>"23", "dateTime(4i)"=>"13", "dateTime(5i)"=>"17", "msg_head"=>"Head", "msg_body"=>"Body", "checksum"=>"", "read"=>"1"}, "commit"=>"Create Message"}
  [1m[35m (0.3ms)[0m  begin transaction
  [1m[36mSQL (29.9ms)[0m  [1mINSERT INTO "messages" ("checksum", "created_at", "dateTime", "msg_body", "msg_head", "read", "updated_at", "user_id") VALUES (?, ?, ?, ?, ?, ?, ?, ?)[0m  [["checksum", ""], ["created_at", "2015-04-23 13:18:37.014975"], ["dateTime", "2015-04-23 13:17:00.000000"], ["msg_body", "Body"], ["msg_head", "Head"], ["read", "t"], ["updated_at", "2015-04-23 13:18:37.014975"], ["user_id", 1]]
  [1m[35m (22.7ms)[0m  commit transaction
Redirected to http://localhost:3000/messages/1
Completed 302 Found in 82ms (ActiveRecord: 52.9ms)


Started GET "/messages/1" for 127.0.0.1 at 2015-04-23 15:18:37 +0200
Processing by MessagesController#show as HTML
  Parameters: {"id"=>"1"}
  [1m[36mMessage Load (2.7ms)[0m  [1mSELECT  "messages".* FROM "messages"  WHERE "messages"."id" = ? LIMIT 1[0m  [["id", 1]]
  [1m[35mUser Load (4.4ms)[0m  SELECT  "users".* FROM "users"  WHERE "users"."id" = ? LIMIT 1  [["id", 1]]
  Rendered messages/show.html.erb within layouts/application (190.0ms)
Completed 200 OK in 805ms (Views: 791.0ms | ActiveRecord: 7.1ms)


Started GET "/assets/messages.css?body=1" for 127.0.0.1 at 2015-04-23 15:18:38 +0200


Started GET "/assets/scaffolds.css?body=1" for 127.0.0.1 at 2015-04-23 15:18:38 +0200


Started GET "/assets/jquery_ujs.js?body=1" for 127.0.0.1 at 2015-04-23 15:18:38 +0200


Started GET "/assets/jquery.js?body=1" for 127.0.0.1 at 2015-04-23 15:18:38 +0200


Started GET "/assets/messages.js?body=1" for 127.0.0.1 at 2015-04-23 15:18:38 +0200


Started GET "/assets/users.css?body=1" for 127.0.0.1 at 2015-04-23 15:18:38 +0200


Started GET "/assets/turbolinks.js?body=1" for 127.0.0.1 at 2015-04-23 15:18:38 +0200


Started GET "/assets/users.js?body=1" for 127.0.0.1 at 2015-04-23 15:18:38 +0200
